<?xml version="1.0" encoding="UTF-8"?>
<!-- Generated by org.testng.reporters.JUnitXMLReporter -->
<testsuite ignored="0" hostname="DESKTOP-V8TS46C" failures="0" tests="4" name="Test" time="11.123" errors="0" timestamp="2022-11-14T21:38:02 IST">
  <testcase classname="day8.CreatUser" name="test_createUser" time="6.516"/>
  <testcase classname="day8.GetUser" name="test_getUser" time="2.356"/>
  <testcase classname="day8.UpdateUser" name="updateUser" time="0.916"/>
  <testcase classname="day8.DeleteUser" name="testDeleteUser" time="1.203"/>
</testsuite> <!-- Test -->
